<?xml version="1.0" encoding="UTF-8"?>
<!-- Generated by org.testng.reporters.JUnitXMLReporter -->
<testsuite ignored="0" hostname="Muhirwa" failures="0" tests="3" name="Default test" time="9.061" errors="0" timestamp="2024-12-11T10:56:47 CST">
  <testcase classname="testCases.CreateAccount" name="createAccount" time="4.338"/>
  <testcase classname="testCases.CreateAccount" name="getAllAccounts" time="2.391"/>
  <testcase classname="testCases.CreateAccount" name="getOneAccount" time="2.279"/>
</testsuite> <!-- Default test -->
